# JRE version: Java(TM) SE Runtime Environment (8.0_31-b13) (build 1.8.0_31-b13)
# Java VM: Java HotSpot(TM) Client VM (25.31-b07 mixed mode, sharing windows-x86 )
Heap:
 def new generation   total 14016K, used 2252K [0x0f200000, 0x10130000, 0x14750000)
  eden space 12480K,  18% used [0x0f200000, 0x0f4330b0, 0x0fe30000)
  from space 1536K,   0% used [0x0fe30000, 0x0fe30000, 0x0ffb0000)
  to   space 1536K,   0% used [0x0ffb0000, 0x0ffb0000, 0x10130000)
 tenured generation   total 49464K, used 37047K [0x14750000, 0x1779e000, 0x1f200000)
   the space 49464K,  74% used [0x14750000, 0x16b7dea8, 0x16b7e000, 0x1779e000)
 Metaspace       used 1687K, capacity 2682K, committed 2752K, reserved 4480K
GC Heap History (10 events):
Event: 1.289 GC heap before
{Heap before GC invocations=6 (full 0):
 def new generation   total 4928K, used 4269K [0x0f200000, 0x0f750000, 0x14750000)
  eden space 4416K,  96% used [0x0f200000, 0x0f62b720, 0x0f650000)
  from space 512K,   0% used [0x0f650000, 0x0f650068, 0x0f6d0000)
  to   space 512K,   0% used [0x0f6d0000, 0x0f6d0000, 0x0f750000)
 tenured generation   total 10944K, used 10842K [0x14750000, 0x15200000, 0x1f200000)
   the space 10944K,  99% used [0x14750000, 0x151e6b78, 0x151e6c00, 0x15200000)
 Metaspace       used 1678K, capacity 2684K, committed 2752K, reserved 4480K
Event: 1.299 GC heap after
Heap after GC invocations=7 (full 1):
 def new generation   total 8256K, used 0K [0x0f200000, 0x0faf0000, 0x14750000)
  eden space 7360K,   0% used [0x0f200000, 0x0f200000, 0x0f930000)
  from space 896K,   0% used [0x0f930000, 0x0f930000, 0x0fa10000)
  to   space 896K,   0% used [0x0fa10000, 0x0fa10000, 0x0faf0000)
 tenured generation   total 18256K, used 10951K [0x14750000, 0x15924000, 0x1f200000)
   the space 18256K,  59% used [0x14750000, 0x15201d38, 0x15201e00, 0x15924000)
 Metaspace       used 1677K, capacity 2682K, committed 2752K, reserved 4480K
}
Event: 1.379 GC heap before
{Heap before GC invocations=7 (full 1):
 def new generation   total 8256K, used 7192K [0x0f200000, 0x0faf0000, 0x14750000)
  eden space 7360K,  97% used [0x0f200000, 0x0f9063d8, 0x0f930000)
  from space 896K,   0% used [0x0f930000, 0x0f930000, 0x0fa10000)
  to   space 896K,   0% used [0x0fa10000, 0x0fa10000, 0x0faf0000)
 tenured generation   total 18256K, used 10951K [0x14750000, 0x15924000, 0x1f200000)
   the space 18256K,  59% used [0x14750000, 0x15201d38, 0x15201e00, 0x15924000)
 Metaspace       used 1677K, capacity 2682K, committed 2752K, reserved 4480K
Event: 1.383 GC heap after
Heap after GC invocations=8 (full 1):
 def new generation   total 8256K, used 529K [0x0f200000, 0x0faf0000, 0x14750000)
  eden space 7360K,   0% used [0x0f200000, 0x0f200000, 0x0f930000)
  from space 896K,  59% used [0x0fa10000, 0x0fa945d0, 0x0faf0000)
  to   space 896K,   0% used [0x0f930000, 0x0f930000, 0x0fa10000)
 tenured generation   total 18256K, used 14151K [0x14750000, 0x15924000, 0x1f200000)
   the space 18256K,  77% used [0x14750000, 0x15521d58, 0x15521e00, 0x15924000)
 Metaspace       used 1677K, capacity 2682K, committed 2752K, reserved 4480K
}
Event: 1.571 GC heap before
{Heap before GC invocations=8 (full 1):
 def new generation   total 8256K, used 7783K [0x0f200000, 0x0faf0000, 0x14750000)
  eden space 7360K,  98% used [0x0f200000, 0x0f915728, 0x0f930000)
  from space 896K,  59% used [0x0fa10000, 0x0fa945d0, 0x0faf0000)
  to   space 896K,   0% used [0x0f930000, 0x0f930000, 0x0fa10000)
 tenured generation   total 18256K, used 14151K [0x14750000, 0x15924000, 0x1f200000)
   the space 18256K,  77% used [0x14750000, 0x15521d58, 0x15521e00, 0x15924000)
 Metaspace       used 1677K, capacity 2682K, committed 2752K, reserved 4480K
Event: 1.582 GC heap after
Heap after GC invocations=9 (full 2):
 def new generation   total 10560K, used 0K [0x0f200000, 0x0fd70000, 0x14750000)
  eden space 9408K,   0% used [0x0f200000, 0x0f200000, 0x0fb30000)
  from space 1152K,   0% used [0x0fb30000, 0x0fb30000, 0x0fc50000)
  to   space 1152K,   0% used [0x0fc50000, 0x0fc50000, 0x0fd70000)
 tenured generation   total 23348K, used 14007K [0x14750000, 0x15e1d000, 0x1f200000)
   the space 23348K,  59% used [0x14750000, 0x154fdd00, 0x154fde00, 0x15e1d000)
 Metaspace       used 1677K, capacity 2682K, committed 2752K, reserved 4480K
}
Event: 1.644 GC heap before
{Heap before GC invocations=9 (full 2):
 def new generation   total 10560K, used 9408K [0x0f200000, 0x0fd70000, 0x14750000)
  eden space 9408K, 100% used [0x0f200000, 0x0fb30000, 0x0fb30000)
  from space 1152K,   0% used [0x0fb30000, 0x0fb30000, 0x0fc50000)
  to   space 1152K,   0% used [0x0fc50000, 0x0fc50000, 0x0fd70000)
 tenured generation   total 23348K, used 14007K [0x14750000, 0x15e1d000, 0x1f200000)
   the space 23348K,  59% used [0x14750000, 0x154fdd00, 0x154fde00, 0x15e1d000)
 Metaspace       used 1677K, capacity 2682K, committed 2752K, reserved 4480K
Event: 1.648 GC heap after
Heap after GC invocations=10 (full 2):
 def new generation   total 10560K, used 0K [0x0f200000, 0x0fd70000, 0x14750000)
  eden space 9408K,   0% used [0x0f200000, 0x0f200000, 0x0fb30000)
  from space 1152K,   0% used [0x0fc50000, 0x0fc50090, 0x0fd70000)
  to   space 1152K,   0% used [0x0fb30000, 0x0fb30000, 0x0fc50000)
 tenured generation   total 23348K, used 23223K [0x14750000, 0x15e1d000, 0x1f200000)
   the space 23348K,  99% used [0x14750000, 0x15dfdd10, 0x15dfde00, 0x15e1d000)
 Metaspace       used 1677K, capacity 2682K, committed 2752K, reserved 4480K
}
Event: 1.843 GC heap before
{Heap before GC invocations=10 (full 2):
 def new generation   total 10560K, used 409K [0x0f200000, 0x0fd70000, 0x14750000)
  eden space 9408K,   4% used [0x0f200000, 0x0f2663e0, 0x0fb30000)
  from space 1152K,   0% used [0x0fc50000, 0x0fc50090, 0x0fd70000)
  to   space 1152K,   0% used [0x0fb30000, 0x0fb30000, 0x0fc50000)
 tenured generation   total 23348K, used 23223K [0x14750000, 0x15e1d000, 0x1f200000)
   the space 23348K,  99% used [0x14750000, 0x15dfdd10, 0x15dfde00, 0x15e1d000)
 Metaspace       used 1677K, capacity 2682K, committed 2752K, reserved 4480K
Event: 1.854 GC heap after
Heap after GC invocations=11 (full 3):
 def new generation   total 14016K, used 0K [0x0f200000, 0x10130000, 0x14750000)
  eden space 12480K,   0% used [0x0f200000, 0x0f200000, 0x0fe30000)
  from space 1536K,   0% used [0x0fe30000, 0x0fe30000, 0x0ffb0000)
  to   space 1536K,   0% used [0x0ffb0000, 0x0ffb0000, 0x10130000)
 tenured generation   total 31028K, used 18615K [0x14750000, 0x1659d000, 0x1f200000)
   the space 31028K,  59% used [0x14750000, 0x1597de98, 0x1597e000, 0x1659d000)
 Metaspace       used 1677K, capacity 2682K, committed 2752K, reserved 4480K
}

